<?xml version="1.0" encoding="UTF-8"?>
<!-- Generated by org.testng.reporters.JUnitReportReporter -->
<testsuite hostname="uno-101-pc" failures="0" tests="1" name="TestScript.TestITCSelectAccount" time="17.124" errors="0" timestamp="2021-03-28T14:03:29 IST" skipped="0">
  <testcase classname="TestScript.TestITCSelectAccount" name="testSelectAccount" time="17.124"/>
  <system-out/>
</testsuite> <!-- TestScript.TestITCSelectAccount -->
