<?xml version="1.0" encoding="UTF-8"?>
<!-- Generated by org.testng.reporters.JUnitReportReporter -->
<testsuite hostname="uno-101-pc" failures="0" tests="1" name="TestScript.TestLoginScenario" time="12.767" errors="0" timestamp="2021-04-05T13:36:05 IST" skipped="0">
  <testcase classname="TestScript.TestLoginScenario" name="verifyLoginPage" time="12.767"/>
  <system-out/>
</testsuite> <!-- TestScript.TestLoginScenario -->
